2025-01-02 09:01:47,283 - INFO - 启动应用...
2025-01-02 09:01:47,385 - INFO - 创建主窗口...
2025-01-02 09:01:47,527 - INFO - 展示主窗口...
2025-01-02 09:01:47,623 - INFO - 开始事件循环...
2025-01-02 09:41:18,588 - INFO - 启动应用...
2025-01-02 09:41:18,609 - INFO - 创建主窗口...
2025-01-02 09:42:06,226 - INFO - 启动应用...
2025-01-02 09:42:06,247 - INFO - 创建主窗口...
2025-01-02 09:43:45,129 - INFO - 启动应用...
2025-01-02 09:43:45,150 - INFO - 创建主窗口...
2025-01-02 09:48:21,194 - INFO - 启动应用...
2025-01-02 09:48:21,215 - INFO - 创建主窗口...
2025-01-02 09:48:21,241 - INFO - 展示主窗口...
2025-01-02 09:48:21,312 - INFO - 开始事件循环...
2025-01-02 09:49:46,544 - INFO - 启动应用...
2025-01-02 09:49:46,565 - INFO - 创建主窗口...
2025-01-02 09:50:12,623 - INFO - 启动应用...
2025-01-02 09:50:12,644 - INFO - 创建主窗口...
2025-01-02 09:50:12,668 - INFO - 展示主窗口...
2025-01-02 09:50:12,745 - INFO - 开始事件循环...
2025-01-02 09:50:27,342 - INFO - 启动应用...
2025-01-02 09:50:27,363 - INFO - 创建主窗口...
2025-01-02 09:50:47,311 - INFO - 启动应用...
2025-01-02 09:50:47,332 - INFO - 创建主窗口...
2025-01-02 09:50:47,353 - INFO - 展示主窗口...
2025-01-02 09:50:47,420 - INFO - 开始事件循环...
2025-01-02 09:53:40,638 - INFO - 启动应用...
2025-01-02 09:53:40,659 - INFO - 创建主窗口...
2025-01-02 09:53:40,680 - INFO - 展示主窗口...
2025-01-02 09:53:40,743 - INFO - 开始事件循环...
2025-01-02 09:57:25,908 - INFO - 启动应用...
2025-01-02 09:57:25,929 - INFO - 创建主窗口...
2025-01-02 09:57:25,951 - INFO - 展示主窗口...
2025-01-02 09:57:26,021 - INFO - 开始事件循环...
2025-01-02 09:59:35,892 - INFO - 启动应用...
2025-01-02 09:59:35,913 - INFO - 创建主窗口...
2025-01-02 10:00:50,674 - INFO - 启动应用...
2025-01-02 10:00:50,694 - INFO - 创建主窗口...
2025-01-02 10:02:02,689 - INFO - 启动应用...
2025-01-02 10:02:02,709 - INFO - 创建主窗口...
2025-01-02 10:02:02,733 - INFO - 展示主窗口...
2025-01-02 10:02:02,798 - INFO - 开始事件循环...
2025-01-02 10:02:16,723 - INFO - 启动应用...
2025-01-02 10:02:16,743 - INFO - 创建主窗口...
2025-01-02 10:02:16,764 - INFO - 展示主窗口...
2025-01-02 10:02:16,830 - INFO - 开始事件循环...
2025-01-02 10:03:43,699 - INFO - 启动应用...
2025-01-02 10:03:43,719 - INFO - 创建主窗口...
2025-01-02 10:03:43,741 - INFO - 展示主窗口...
2025-01-02 10:03:43,809 - INFO - 开始事件循环...
2025-01-02 10:10:17,522 - INFO - 启动应用...
2025-01-02 10:10:17,543 - INFO - 创建主窗口...
2025-01-02 10:10:17,565 - INFO - 展示主窗口...
2025-01-02 10:10:17,632 - INFO - 开始事件循环...
2025-01-02 10:18:47,184 - INFO - 启动应用...
2025-01-02 10:18:47,204 - INFO - 创建主窗口...
2025-01-02 10:18:47,225 - INFO - 展示主窗口...
2025-01-02 10:18:47,293 - INFO - 开始事件循环...
2025-01-02 10:20:34,686 - INFO - 启动应用...
2025-01-02 10:20:34,707 - INFO - 创建主窗口...
2025-01-02 10:20:34,731 - INFO - 展示主窗口...
2025-01-02 10:20:34,797 - INFO - 开始事件循环...
2025-01-02 10:22:08,530 - INFO - 启动应用...
2025-01-02 10:22:08,550 - INFO - 创建主窗口...
2025-01-02 10:22:08,571 - INFO - 展示主窗口...
2025-01-02 10:22:08,634 - INFO - 开始事件循环...
2025-01-02 10:26:08,300 - INFO - 启动应用...
2025-01-02 10:26:08,322 - INFO - 创建主窗口...
2025-01-02 10:26:08,346 - INFO - 展示主窗口...
2025-01-02 10:26:08,410 - INFO - 开始事件循环...
2025-01-02 10:26:12,021 - INFO - 加载json triggered
2025-01-02 10:26:18,216 - INFO - 选择的文件路径: C:/Users/10006900/Downloads/TW_bk_1227 (1).json
2025-01-02 10:30:15,858 - INFO - 启动应用...
2025-01-02 10:30:15,877 - INFO - 创建主窗口...
2025-01-02 10:30:15,898 - INFO - 展示主窗口...
2025-01-02 10:30:15,970 - INFO - 开始事件循环...
2025-01-02 10:30:17,876 - INFO - 加载项目被触发
2025-01-02 10:30:19,078 - INFO - 加载json triggered
2025-01-02 10:30:24,444 - INFO - 选择的文件路径: C:/Users/10006900/Downloads/via_project_25Dec2024_18h48m.json
2025-01-02 10:30:24,445 - INFO - 检测到文件编码: ascii (置信度: 1.0)
2025-01-02 12:49:29,712 - INFO - 启动应用...
2025-01-02 12:49:29,772 - INFO - 创建主窗口...
2025-01-02 12:49:29,895 - INFO - 展示主窗口...
2025-01-02 12:49:29,986 - INFO - 开始事件循环...
2025-01-02 12:49:35,169 - INFO - 加载json(VIA) triggered
2025-01-02 12:49:43,276 - INFO - 选择的文件路径: C:/Users/10006900/Downloads/via_project_25Dec2024_18h48m.json
2025-01-02 12:49:43,280 - INFO - 检测到文件编码: ascii (置信度: 1.0)
2025-01-02 13:10:03,816 - INFO - 启动应用...
2025-01-02 13:10:03,915 - INFO - 创建主窗口...
2025-01-02 13:10:04,056 - INFO - 展示主窗口...
2025-01-02 13:10:04,149 - INFO - 开始事件循环...
2025-01-02 13:17:39,378 - INFO - 启动应用...
2025-01-02 13:17:39,475 - INFO - 创建主窗口...
2025-01-02 13:17:39,624 - INFO - 展示主窗口...
2025-01-02 13:17:39,720 - INFO - 开始事件循环...
2025-01-02 13:22:45,668 - INFO - 启动应用...
2025-01-02 13:22:45,767 - INFO - 创建主窗口...
2025-01-02 13:22:45,911 - INFO - 展示主窗口...
2025-01-02 13:22:46,005 - INFO - 开始事件循环...
2025-01-02 13:57:28,292 - INFO - 启动应用...
2025-01-02 13:57:28,313 - INFO - 创建主窗口...
2025-01-02 13:57:28,337 - INFO - 展示主窗口...
2025-01-02 13:57:28,411 - INFO - 开始事件循环...
2025-01-02 14:00:00,736 - INFO - 启动应用...
2025-01-02 14:00:00,756 - INFO - 创建主窗口...
2025-01-02 14:00:00,778 - INFO - 展示主窗口...
2025-01-02 14:00:00,854 - INFO - 开始事件循环...
2025-01-02 14:08:48,433 - INFO - 启动应用...
2025-01-02 14:08:48,455 - INFO - 创建主窗口...
2025-01-02 14:08:48,477 - INFO - 展示主窗口...
2025-01-02 14:08:48,558 - INFO - 开始事件循环...
2025-01-02 14:08:50,780 - INFO - 加载json(VIA) triggered
2025-01-02 14:08:58,459 - INFO - 选择的文件路径: C:/Users/10006900/Downloads/via_project_25Dec2024_18h48m.json
2025-01-02 14:08:58,460 - INFO - 检测到文件编码: ascii (置信度: 1.0)
2025-01-02 14:57:12,519 - INFO - 启动应用...
2025-01-02 14:57:12,618 - INFO - 创建主窗口...
2025-01-02 14:57:12,764 - INFO - 展示主窗口...
2025-01-02 14:57:12,856 - INFO - 开始事件循环...
2025-01-02 14:57:16,390 - INFO - 加载json(VIA) triggered
2025-01-02 14:57:26,337 - INFO - 选择的文件路径: C:/Users/10006900/Downloads/via_project_25Dec2024_18h48m.json
2025-01-02 14:57:26,338 - INFO - 检测到文件编码: ascii (置信度: 1.0)
2025-01-02 16:28:50,108 - INFO - 启动应用...
2025-01-02 16:28:50,208 - INFO - 创建主窗口...
2025-01-02 16:29:18,874 - INFO - 启动应用...
2025-01-02 16:29:18,896 - INFO - 创建主窗口...
2025-01-02 16:29:19,020 - INFO - 展示主窗口...
2025-01-02 16:29:19,143 - INFO - 开始事件循环...
2025-01-02 16:29:23,542 - INFO - 加载json(VIA) triggered
2025-01-02 16:29:29,663 - INFO - 选择的文件路径: C:/Users/10006900/Downloads/via_project_25Dec2024_18h48m.json
2025-01-02 16:29:29,664 - INFO - 检测到文件编码: ascii (置信度: 1.0)
2025-01-02 16:36:15,610 - INFO - 启动应用...
2025-01-02 16:36:15,635 - INFO - 创建主窗口...
2025-01-02 16:36:15,663 - INFO - 展示主窗口...
2025-01-02 16:36:15,741 - INFO - 开始事件循环...
2025-01-02 16:36:19,413 - INFO - 加载json(VIA) triggered
2025-01-02 16:36:22,724 - INFO - 选择的文件路径: C:/Users/10006900/Downloads/via_project_25Dec2024_18h48m.json
2025-01-02 16:36:22,725 - INFO - 检测到文件编码: ascii (置信度: 1.0)
2025-01-02 16:44:21,460 - INFO - 启动应用...
2025-01-02 16:44:21,481 - INFO - 创建主窗口...
2025-01-02 16:44:21,504 - INFO - 展示主窗口...
2025-01-02 16:44:21,581 - INFO - 开始事件循环...
2025-01-02 16:47:55,319 - INFO - 启动应用...
2025-01-02 16:47:55,340 - INFO - 创建主窗口...
2025-01-02 16:47:55,367 - INFO - 展示主窗口...
2025-01-02 16:47:55,453 - INFO - 开始事件循环...
2025-01-02 16:49:07,415 - INFO - 启动应用...
2025-01-02 16:49:07,451 - INFO - 创建主窗口...
2025-01-02 16:49:07,475 - INFO - 展示主窗口...
2025-01-02 16:49:07,552 - INFO - 开始事件循环...
2025-01-02 16:49:14,355 - INFO - 加载json triggered
2025-01-02 16:49:19,895 - INFO - 加载json(COCO) triggered
2025-01-02 16:50:09,011 - INFO - 启动应用...
2025-01-02 16:50:09,032 - INFO - 创建主窗口...
2025-01-02 16:50:09,061 - INFO - 展示主窗口...
2025-01-02 16:50:09,129 - INFO - 开始事件循环...
2025-01-02 16:50:16,474 - INFO - 加载json(VIA) triggered
2025-01-02 16:50:23,720 - INFO - 加载json(VIA) triggered
2025-01-02 17:15:46,229 - INFO - 启动应用...
2025-01-02 17:15:46,254 - INFO - 创建主窗口...
2025-01-02 17:18:04,015 - INFO - 启动应用...
2025-01-02 17:18:04,036 - INFO - 创建主窗口...
2025-01-02 17:19:05,014 - INFO - 启动应用...
2025-01-02 17:19:05,035 - INFO - 创建主窗口...
2025-01-02 17:19:40,610 - INFO - 启动应用...
2025-01-02 17:19:40,631 - INFO - 创建主窗口...
2025-01-02 17:20:10,964 - INFO - 启动应用...
2025-01-02 17:20:10,984 - INFO - 创建主窗口...
2025-01-02 17:20:28,227 - INFO - 启动应用...
2025-01-02 17:20:28,247 - INFO - 创建主窗口...
2025-01-02 17:20:38,184 - INFO - 启动应用...
2025-01-02 17:20:38,204 - INFO - 创建主窗口...
2025-01-02 17:21:06,146 - INFO - 启动应用...
2025-01-02 17:21:06,166 - INFO - 创建主窗口...
2025-01-02 17:23:17,296 - INFO - 启动应用...
2025-01-02 17:23:17,316 - INFO - 创建主窗口...
2025-01-02 17:23:42,946 - INFO - 启动应用...
2025-01-02 17:23:42,966 - INFO - 创建主窗口...
2025-01-02 17:24:22,214 - INFO - 启动应用...
2025-01-02 17:24:22,235 - INFO - 创建主窗口...
2025-01-02 17:24:22,258 - INFO - 展示主窗口...
2025-01-02 17:24:22,333 - INFO - 开始事件循环...
2025-01-02 17:24:25,914 - INFO - 加载json triggered
2025-01-02 17:24:30,495 - INFO - 选择的文件路径: C:/Users/10006900/Downloads/via_project_25Dec2024_18h48m.json
2025-01-02 17:24:30,495 - INFO - 检测到文件编码: ascii (置信度: 1.0)
2025-01-02 17:24:55,398 - INFO - 启动应用...
2025-01-02 17:24:55,418 - INFO - 创建主窗口...
2025-01-02 17:25:02,673 - INFO - 展示主窗口...
2025-01-02 17:25:02,729 - INFO - 开始事件循环...
2025-01-02 17:25:09,089 - INFO - 加载json triggered
2025-01-02 17:25:12,850 - INFO - 选择的文件路径: C:/Users/10006900/Downloads/via_project_25Dec2024_18h48m.json
2025-01-02 17:25:12,852 - INFO - 检测到文件编码: ascii (置信度: 1.0)
2025-01-02 17:25:37,569 - INFO - 启动应用...
2025-01-02 17:25:37,588 - INFO - 创建主窗口...
2025-01-02 17:25:37,613 - INFO - 展示主窗口...
2025-01-02 17:25:37,680 - INFO - 开始事件循环...
2025-01-02 17:25:39,873 - INFO - 加载json triggered
2025-01-02 17:25:43,226 - INFO - 选择的文件路径: C:/Users/10006900/Downloads/via_project_25Dec2024_18h48m.json
2025-01-02 17:25:43,230 - INFO - 检测到文件编码: ascii (置信度: 1.0)
2025-01-02 17:26:55,665 - INFO - 启动应用...
2025-01-02 17:26:55,686 - INFO - 创建主窗口...
2025-01-02 17:28:15,256 - INFO - 启动应用...
2025-01-02 17:28:15,277 - INFO - 创建主窗口...
2025-01-02 17:29:05,520 - INFO - 启动应用...
2025-01-02 17:29:05,541 - INFO - 创建主窗口...
2025-01-02 17:29:05,569 - INFO - 展示主窗口...
2025-01-02 17:29:05,636 - INFO - 开始事件循环...
2025-01-02 17:29:08,317 - INFO - 加载json triggered
2025-01-02 17:29:11,795 - INFO - 选择的文件路径: C:/Users/10006900/Downloads/via_project_25Dec2024_18h48m.json
2025-01-02 17:29:11,798 - INFO - 检测到文件编码: ascii (置信度: 1.0)
2025-01-02 17:48:22,037 - INFO - 启动应用...
2025-01-02 17:48:22,059 - INFO - 创建主窗口...
2025-01-02 17:48:22,082 - INFO - 展示主窗口...
2025-01-02 17:48:22,146 - INFO - 开始事件循环...
2025-01-02 17:48:27,444 - INFO - 加载json triggered
2025-01-02 17:48:32,500 - INFO - 选择的文件路径: C:/Users/10006900/Downloads/via_project_25Dec2024_18h48m.json
2025-01-02 17:48:32,501 - INFO - 检测到文件编码: ascii (置信度: 1.0)
2025-01-02 17:49:50,407 - INFO - 启动应用...
2025-01-02 17:49:50,434 - INFO - 创建主窗口...
2025-01-02 17:49:50,461 - INFO - 展示主窗口...
2025-01-02 17:49:50,539 - INFO - 开始事件循环...
2025-01-02 17:49:52,971 - INFO - 加载json triggered
2025-01-02 17:49:56,380 - INFO - 选择的文件路径: C:/Users/10006900/Downloads/via_project_25Dec2024_18h48m.json
2025-01-02 17:49:56,381 - INFO - 检测到文件编码: ascii (置信度: 1.0)
2025-01-02 17:50:02,658 - INFO - 加载json triggered
2025-01-02 17:50:14,661 - INFO - 选择的文件路径: C:/Users/10006900/Downloads/corner_detect_1027.json
2025-01-02 17:50:14,911 - INFO - 检测到文件编码: utf-8 (置信度: 0.99)
2025-01-02 17:50:46,715 - INFO - 启动应用...
2025-01-02 17:50:46,737 - INFO - 创建主窗口...
2025-01-02 17:50:46,760 - INFO - 展示主窗口...
2025-01-02 17:50:46,829 - INFO - 开始事件循环...
2025-01-02 17:50:48,818 - INFO - 加载json triggered
2025-01-02 17:50:54,992 - INFO - 选择的文件路径: C:/Users/10006900/Downloads/c_back_3.0_1116.json
2025-01-02 17:50:55,004 - INFO - 检测到文件编码: utf-8 (置信度: 0.99)
2025-01-02 17:50:57,656 - INFO - 加载json triggered
2025-01-02 17:51:04,549 - INFO - 选择的文件路径: C:/Users/10006900/Downloads/4.0_det_small_1217.json
2025-01-02 17:51:05,084 - INFO - 检测到文件编码: utf-8 (置信度: 0.99)
2025-01-02 17:53:48,040 - INFO - 启动应用...
2025-01-02 17:53:48,060 - INFO - 创建主窗口...
2025-01-02 17:53:48,083 - INFO - 展示主窗口...
2025-01-02 17:53:48,161 - INFO - 开始事件循环...
2025-01-02 17:53:50,855 - INFO - 加载json triggered
2025-01-02 17:53:55,332 - INFO - 选择的文件路径: C:/Users/10006900/Downloads/via_project_25Dec2024_18h48m.json
2025-01-02 17:53:55,333 - INFO - 检测到文件编码: ascii (置信度: 1.0)
2025-01-02 17:53:57,234 - INFO - 加载json triggered
2025-01-02 17:53:59,337 - INFO - 选择的文件路径: C:/Users/10006900/Downloads/TW_bk_1224.json
2025-01-02 17:53:59,489 - INFO - 检测到文件编码: utf-8 (置信度: 0.99)
2025-01-02 17:54:43,698 - INFO - 启动应用...
2025-01-02 17:54:43,722 - INFO - 创建主窗口...
2025-01-02 17:54:43,747 - INFO - 展示主窗口...
2025-01-02 17:54:43,824 - INFO - 开始事件循环...
2025-01-02 17:54:46,080 - INFO - 加载json triggered
2025-01-02 17:54:49,673 - INFO - 选择的文件路径: C:/Users/10006900/Downloads/via_project_25Dec2024_18h48m.json
2025-01-02 17:54:49,674 - INFO - 检测到文件编码: ascii (置信度: 1.0)
2025-01-02 17:55:10,721 - INFO - 启动应用...
2025-01-02 17:55:10,742 - INFO - 创建主窗口...
2025-01-02 17:55:10,764 - INFO - 展示主窗口...
2025-01-02 17:55:10,831 - INFO - 开始事件循环...
2025-01-02 17:55:12,856 - INFO - 加载json triggered
2025-01-02 17:55:16,964 - INFO - 选择的文件路径: C:/Users/10006900/Downloads/via_project_25Dec2024_18h48m.json
2025-01-02 17:55:16,965 - INFO - 检测到文件编码: ascii (置信度: 1.0)
2025-01-02 17:55:20,259 - INFO - 加载json triggered
2025-01-02 17:55:23,547 - INFO - 选择的文件路径: C:/Users/10006900/Downloads/TW_bk_1218.json
2025-01-02 17:55:23,690 - INFO - 检测到文件编码: utf-8 (置信度: 0.99)
2025-01-02 17:56:43,165 - INFO - 启动应用...
2025-01-02 17:56:43,185 - INFO - 创建主窗口...
2025-01-02 17:56:43,209 - INFO - 展示主窗口...
2025-01-02 17:56:43,289 - INFO - 开始事件循环...
2025-01-02 17:56:45,298 - INFO - 加载json triggered
2025-01-02 17:56:49,913 - INFO - 选择的文件路径: C:/Users/10006900/Downloads/via_project_25Dec2024_18h48m.json
2025-01-02 17:56:49,914 - INFO - 检测到文件编码: ascii (置信度: 1.0)
2025-01-02 17:56:52,027 - INFO - 加载json triggered
2025-01-02 17:56:54,742 - INFO - 选择的文件路径: C:/Users/10006900/Downloads/shichuang_det_1217.json
2025-01-02 17:56:54,764 - INFO - 检测到文件编码: utf-8 (置信度: 0.99)
2025-01-02 17:58:29,943 - INFO - 启动应用...
2025-01-02 17:58:29,963 - INFO - 创建主窗口...
2025-01-02 17:58:29,985 - INFO - 展示主窗口...
2025-01-02 17:58:30,053 - INFO - 开始事件循环...
2025-01-02 18:00:47,662 - INFO - 启动应用...
2025-01-02 18:00:47,683 - INFO - 创建主窗口...
2025-01-02 18:00:47,706 - INFO - 展示主窗口...
2025-01-02 18:00:47,783 - INFO - 开始事件循环...
2025-01-02 18:00:50,497 - INFO - 加载json(VIA) triggered
2025-01-02 18:00:58,746 - INFO - 选择的文件路径: C:/Users/10006900/Downloads/via_project_25Dec2024_18h48m.json
2025-01-02 18:00:58,747 - INFO - 检测到文件编码: ascii (置信度: 1.0)
2025-01-02 18:01:00,857 - INFO - 加载json(VIA) triggered
2025-01-02 18:01:03,341 - INFO - 选择的文件路径: C:/Users/10006900/Downloads/TW_bk_1227.json
2025-01-02 18:01:03,491 - INFO - 检测到文件编码: utf-8 (置信度: 0.99)
2025-01-02 18:04:31,590 - INFO - 启动应用...
2025-01-02 18:04:31,611 - INFO - 创建主窗口...
2025-01-02 18:04:31,634 - INFO - 展示主窗口...
2025-01-02 18:04:31,708 - INFO - 开始事件循环...
2025-01-02 18:04:34,107 - INFO - 加载json(VIA) triggered
2025-01-02 18:04:37,471 - INFO - 选择的文件路径: C:/Users/10006900/Downloads/via_project_25Dec2024_18h48m.json
2025-01-02 18:04:37,472 - INFO - 检测到文件编码: ascii (置信度: 1.0)
2025-01-02 18:10:44,228 - INFO - 启动应用...
2025-01-02 18:10:44,250 - INFO - 创建主窗口...
2025-01-02 18:10:44,274 - INFO - 展示主窗口...
2025-01-02 18:10:44,352 - INFO - 开始事件循环...
2025-01-02 18:10:46,487 - INFO - 加载json(VIA) triggered
